0 info it worked if it ends with ok
1 verbose cli [ '/usr/local/bin/node', '/usr/local/bin/npm', 'run', 'compile' ]
2 info using npm@3.10.10
3 info using node@v6.11.2
4 verbose run-script [ 'precompile', 'compile', 'postcompile' ]
5 info lifecycle kitchen-magic-style-guide@0.0.1~precompile: kitchen-magic-style-guide@0.0.1
6 silly lifecycle kitchen-magic-style-guide@0.0.1~precompile: no script for precompile, continuing
7 info lifecycle kitchen-magic-style-guide@0.0.1~compile: kitchen-magic-style-guide@0.0.1
8 verbose lifecycle kitchen-magic-style-guide@0.0.1~compile: unsafe-perm in lifecycle true
9 verbose lifecycle kitchen-magic-style-guide@0.0.1~compile: PATH: /usr/local/lib/node_modules/npm/bin/node-gyp-bin:/Volumes/Samsung_T5/web-dev/style-guide-brand-ui-kit/km-style-guide/node_modules/.bin:/usr/local/bin:/usr/bin:/bin:/usr/sbin:/sbin:/usr/local/git/bin
10 verbose lifecycle kitchen-magic-style-guide@0.0.1~compile: CWD: /Volumes/Samsung_T5/web-dev/style-guide-brand-ui-kit/km-style-guide
11 silly lifecycle kitchen-magic-style-guide@0.0.1~compile: Args: [ '-c', 'gulp' ]
12 silly lifecycle kitchen-magic-style-guide@0.0.1~compile: Returned: code: 1  signal: null
13 info lifecycle kitchen-magic-style-guide@0.0.1~compile: Failed to exec compile script
14 verbose stack Error: kitchen-magic-style-guide@0.0.1 compile: `gulp`
14 verbose stack Exit status 1
14 verbose stack     at EventEmitter.<anonymous> (/usr/local/lib/node_modules/npm/lib/utils/lifecycle.js:255:16)
14 verbose stack     at emitTwo (events.js:106:13)
14 verbose stack     at EventEmitter.emit (events.js:191:7)
14 verbose stack     at ChildProcess.<anonymous> (/usr/local/lib/node_modules/npm/lib/utils/spawn.js:40:14)
14 verbose stack     at emitTwo (events.js:106:13)
14 verbose stack     at ChildProcess.emit (events.js:191:7)
14 verbose stack     at maybeClose (internal/child_process.js:891:16)
14 verbose stack     at Process.ChildProcess._handle.onexit (internal/child_process.js:226:5)
15 verbose pkgid kitchen-magic-style-guide@0.0.1
16 verbose cwd /Volumes/Samsung_T5/web-dev/style-guide-brand-ui-kit/km-style-guide
17 error Darwin 15.6.0
18 error argv "/usr/local/bin/node" "/usr/local/bin/npm" "run" "compile"
19 error node v6.11.2
20 error npm  v3.10.10
21 error code ELIFECYCLE
22 error kitchen-magic-style-guide@0.0.1 compile: `gulp`
22 error Exit status 1
23 error Failed at the kitchen-magic-style-guide@0.0.1 compile script 'gulp'.
23 error Make sure you have the latest version of node.js and npm installed.
23 error If you do, this is most likely a problem with the kitchen-magic-style-guide package,
23 error not with npm itself.
23 error Tell the author that this fails on your system:
23 error     gulp
23 error You can get information on how to open an issue for this project with:
23 error     npm bugs kitchen-magic-style-guide
23 error Or if that isn't available, you can get their info via:
23 error     npm owner ls kitchen-magic-style-guide
23 error There is likely additional logging output above.
24 verbose exit [ 1, true ]
